#! /home/vardhan/riscv_toolchain/install_iverilog/bin/vvp
:ivl_version "10.3 (stable)" "(v10_3-42-gb98854309-dirty)";
:ivl_delay_selection "TYPICAL";
:vpi_time_precision - 12;
:vpi_module "system";
:vpi_module "vhdl_sys";
:vpi_module "v2005_math";
:vpi_module "va_math";
S_0x563668bf68f0 .scope module, "tb_dff_const3" "tb_dff_const3" 2 3;
 .timescale -9 -12;
v0x563668c07710_0 .var "clk", 0 0;
v0x563668c077e0_0 .net "q", 0 0, v0x563668c07470_0;  1 drivers
v0x563668c078b0_0 .var "reset", 0 0;
S_0x563668bf6a70 .scope module, "uut" "dff_const3" 2 10, 3 1 0, S_0x563668bf68f0;
 .timescale 0 0;
    .port_info 0 /INPUT 1 "clk"
    .port_info 1 /INPUT 1 "reset"
    .port_info 2 /OUTPUT 1 "q"
v0x563668bc00d0_0 .net "clk", 0 0, v0x563668c07710_0;  1 drivers
v0x563668c07470_0 .var "q", 0 0;
v0x563668c07530_0 .var "q1", 0 0;
v0x563668c075d0_0 .net "reset", 0 0, v0x563668c078b0_0;  1 drivers
E_0x563668bc06a0 .event posedge, v0x563668c075d0_0, v0x563668bc00d0_0;
    .scope S_0x563668bf6a70;
T_0 ;
    %wait E_0x563668bc06a0;
    %load/vec4 v0x563668c075d0_0;
    %flag_set/vec4 8;
    %jmp/0xz  T_0.0, 8;
    %pushi/vec4 1, 0, 1;
    %assign/vec4 v0x563668c07470_0, 0;
    %pushi/vec4 0, 0, 1;
    %assign/vec4 v0x563668c07530_0, 0;
    %jmp T_0.1;
T_0.0 ;
    %pushi/vec4 1, 0, 1;
    %assign/vec4 v0x563668c07530_0, 0;
    %load/vec4 v0x563668c07530_0;
    %assign/vec4 v0x563668c07470_0, 0;
T_0.1 ;
    %jmp T_0;
    .thread T_0;
    .scope S_0x563668bf68f0;
T_1 ;
	  %vpi_call 2 17 "$dumpfile", "tb_dff_const3.vcd" {0 0 0};
	  %vpi_call 2 18 "$dumpvars", 32'sb00000000000000000000000000000000, S_0x563668bf68f0 {0 0 0};
    %pushi/vec4 0, 0, 1;
    %store/vec4 v0x563668c07710_0, 0, 1;
    %pushi/vec4 1, 0, 1;
    %store/vec4 v0x563668c078b0_0, 0, 1;
    %delay 3000000, 0;
    %vpi_call 2 22 "$finish" {0 0 0};
    %end;
    .thread T_1;
    .scope S_0x563668bf68f0;
T_2 ;
    %delay 10000, 0;
    %load/vec4 v0x563668c07710_0;
    %inv;
    %store/vec4 v0x563668c07710_0, 0, 1;
    %jmp T_2;
    .thread T_2;
    .scope S_0x563668bf68f0;
T_3 ;
    %delay 1547000, 0;
    %load/vec4 v0x563668c078b0_0;
    %inv;
    %store/vec4 v0x563668c078b0_0, 0, 1;
    %jmp T_3;
    .thread T_3;
# The file index is used to find the file name in the following table.
:file_names 4;
    "N/A";
    "<interactive>";
    "tb_dff_const3.v";
    "dff_const3.v";
