#! /home/vardhan/riscv_toolchain/install_iverilog/bin/vvp
:ivl_version "10.3 (stable)" "(v10_3-42-gb98854309-dirty)";
:ivl_delay_selection "TYPICAL";
:vpi_time_precision - 12;
:vpi_module "system";
:vpi_module "vhdl_sys";
:vpi_module "v2005_math";
:vpi_module "va_math";
S_0x55f5dff26150 .scope module, "tb_dff_asyncres" "tb_dff_asyncres" 2 3;
 .timescale -9 -12;
v0x55f5dff37950_0 .var "async_reset", 0 0;
v0x55f5dff37a10_0 .var "clk", 0 0;
v0x55f5dff37ae0_0 .var "d", 0 0;
v0x55f5dff37be0_0 .net "q", 0 0, v0x55f5dff377e0_0;  1 drivers
S_0x55f5dff262d0 .scope module, "uut" "dff_asyncres" 2 10, 3 2 0, S_0x55f5dff26150;
 .timescale 0 0;
    .port_info 0 /INPUT 1 "clk"
    .port_info 1 /INPUT 1 "async_reset"
    .port_info 2 /INPUT 1 "d"
    .port_info 3 /OUTPUT 1 "q"
v0x55f5dfef0110_0 .net "async_reset", 0 0, v0x55f5dff37950_0;  1 drivers
v0x55f5dff37680_0 .net "clk", 0 0, v0x55f5dff37a10_0;  1 drivers
v0x55f5dff37740_0 .net "d", 0 0, v0x55f5dff37ae0_0;  1 drivers
v0x55f5dff377e0_0 .var "q", 0 0;
E_0x55f5dfef08e0 .event posedge, v0x55f5dfef0110_0, v0x55f5dff37680_0;
    .scope S_0x55f5dff262d0;
T_0 ;
    %wait E_0x55f5dfef08e0;
    %load/vec4 v0x55f5dfef0110_0;
    %flag_set/vec4 8;
    %jmp/0xz  T_0.0, 8;
    %pushi/vec4 0, 0, 1;
    %assign/vec4 v0x55f5dff377e0_0, 0;
    %jmp T_0.1;
T_0.0 ;
    %load/vec4 v0x55f5dff37740_0;
    %assign/vec4 v0x55f5dff377e0_0, 0;
T_0.1 ;
    %jmp T_0;
    .thread T_0;
    .scope S_0x55f5dff26150;
T_1 ;
	  %vpi_call 2 18 "$dumpfile", "tb_dff_asyncres.vcd" {0 0 0};
	  %vpi_call 2 19 "$dumpvars", 32'sb00000000000000000000000000000000, S_0x55f5dff26150 {0 0 0};
    %pushi/vec4 0, 0, 1;
    %store/vec4 v0x55f5dff37a10_0, 0, 1;
    %pushi/vec4 1, 0, 1;
    %store/vec4 v0x55f5dff37950_0, 0, 1;
    %pushi/vec4 0, 0, 1;
    %store/vec4 v0x55f5dff37ae0_0, 0, 1;
    %delay 3000000, 0;
    %vpi_call 2 24 "$finish" {0 0 0};
    %end;
    .thread T_1;
    .scope S_0x55f5dff26150;
T_2 ;
    %delay 10000, 0;
    %load/vec4 v0x55f5dff37a10_0;
    %inv;
    %store/vec4 v0x55f5dff37a10_0, 0, 1;
    %jmp T_2;
    .thread T_2;
    .scope S_0x55f5dff26150;
T_3 ;
    %delay 23000, 0;
    %load/vec4 v0x55f5dff37ae0_0;
    %inv;
    %store/vec4 v0x55f5dff37ae0_0, 0, 1;
    %jmp T_3;
    .thread T_3;
    .scope S_0x55f5dff26150;
T_4 ;
    %delay 547000, 0;
    %load/vec4 v0x55f5dff37950_0;
    %inv;
    %store/vec4 v0x55f5dff37950_0, 0, 1;
    %jmp T_4;
    .thread T_4;
# The file index is used to find the file name in the following table.
:file_names 4;
    "N/A";
    "<interactive>";
    "tb_dff_asyncres.v";
    "dff_asyncres.v";
