#! /home/vardhan/riscv_toolchain/install_iverilog/bin/vvp
:ivl_version "10.3 (stable)" "(v10_3-42-gb98854309-dirty)";
:ivl_delay_selection "TYPICAL";
:vpi_time_precision - 12;
:vpi_module "system";
:vpi_module "vhdl_sys";
:vpi_module "v2005_math";
:vpi_module "va_math";
S_0x56116956b660 .scope module, "tb_dff_asyncres_syncres" "tb_dff_asyncres_syncres" 2 2;
 .timescale -9 -12;
v0x56116957e060_0 .var "async_reset", 0 0;
v0x56116957e120_0 .var "clk", 0 0;
v0x56116957e1c0_0 .var "d", 0 0;
v0x56116957e2c0_0 .net "q", 0 0, v0x56116957ddf0_0;  1 drivers
v0x56116957e390_0 .var "sync_reset", 0 0;
S_0x56116956b7e0 .scope module, "uut" "dff_asyncres_syncres" 2 9, 3 1 0, S_0x56116956b660;
 .timescale 0 0;
    .port_info 0 /INPUT 1 "clk"
    .port_info 1 /INPUT 1 "async_reset"
    .port_info 2 /INPUT 1 "sync_reset"
    .port_info 3 /INPUT 1 "d"
    .port_info 4 /OUTPUT 1 "q"
v0x561169535090_0 .net "async_reset", 0 0, v0x56116957e060_0;  1 drivers
v0x56116957dc90_0 .net "clk", 0 0, v0x56116957e120_0;  1 drivers
v0x56116957dd50_0 .net "d", 0 0, v0x56116957e1c0_0;  1 drivers
v0x56116957ddf0_0 .var "q", 0 0;
v0x56116957deb0_0 .net "sync_reset", 0 0, v0x56116957e390_0;  1 drivers
E_0x5611695356b0 .event posedge, v0x561169535090_0, v0x56116957dc90_0;
    .scope S_0x56116956b7e0;
T_0 ;
    %wait E_0x5611695356b0;
    %load/vec4 v0x561169535090_0;
    %flag_set/vec4 8;
    %jmp/0xz  T_0.0, 8;
    %pushi/vec4 0, 0, 1;
    %assign/vec4 v0x56116957ddf0_0, 0;
    %jmp T_0.1;
T_0.0 ;
    %load/vec4 v0x56116957deb0_0;
    %flag_set/vec4 8;
    %jmp/0xz  T_0.2, 8;
    %pushi/vec4 0, 0, 1;
    %assign/vec4 v0x56116957ddf0_0, 0;
    %jmp T_0.3;
T_0.2 ;
    %load/vec4 v0x56116957dd50_0;
    %assign/vec4 v0x56116957ddf0_0, 0;
T_0.3 ;
T_0.1 ;
    %jmp T_0;
    .thread T_0;
    .scope S_0x56116956b660;
T_1 ;
	  %vpi_call 2 18 "$dumpfile", "tb_dff_asyncres_syncres.vcd" {0 0 0};
	  %vpi_call 2 19 "$dumpvars", 32'sb00000000000000000000000000000000, S_0x56116956b660 {0 0 0};
    %pushi/vec4 0, 0, 1;
    %store/vec4 v0x56116957e120_0, 0, 1;
    %pushi/vec4 1, 0, 1;
    %store/vec4 v0x56116957e060_0, 0, 1;
    %pushi/vec4 0, 0, 1;
    %store/vec4 v0x56116957e390_0, 0, 1;
    %pushi/vec4 0, 0, 1;
    %store/vec4 v0x56116957e1c0_0, 0, 1;
    %delay 3000000, 0;
    %vpi_call 2 25 "$finish" {0 0 0};
    %end;
    .thread T_1;
    .scope S_0x56116956b660;
T_2 ;
    %delay 10000, 0;
    %load/vec4 v0x56116957e120_0;
    %inv;
    %store/vec4 v0x56116957e120_0, 0, 1;
    %jmp T_2;
    .thread T_2;
    .scope S_0x56116956b660;
T_3 ;
    %delay 23000, 0;
    %load/vec4 v0x56116957e1c0_0;
    %inv;
    %store/vec4 v0x56116957e1c0_0, 0, 1;
    %jmp T_3;
    .thread T_3;
    .scope S_0x56116956b660;
T_4 ;
    %delay 113000, 0;
    %load/vec4 v0x56116957e390_0;
    %inv;
    %store/vec4 v0x56116957e390_0, 0, 1;
    %jmp T_4;
    .thread T_4;
    .scope S_0x56116956b660;
T_5 ;
    %delay 547000, 0;
    %load/vec4 v0x56116957e060_0;
    %inv;
    %store/vec4 v0x56116957e060_0, 0, 1;
    %jmp T_5;
    .thread T_5;
# The file index is used to find the file name in the following table.
:file_names 4;
    "N/A";
    "<interactive>";
    "tb_dff_asyncres_syncres.v";
    "dff_asyncres_syncres.v";
